This file contains any messages produced by compilers while
running configure, to aid debugging if configure makes a mistake.

It was created by gala configure 0.3.0.567-dirty, which was
generated by GNU Autoconf 2.69.  Invocation command line was

  $ ./configure --no-create --no-recursion

## --------- ##
## Platform. ##
## --------- ##

hostname = nick-virtual-machine
uname -m = x86_64
uname -r = 4.4.0-66-generic
uname -s = Linux
uname -v = #87-Ubuntu SMP Fri Mar 3 15:29:05 UTC 2017

/usr/bin/uname -p = unknown
/bin/uname -X     = unknown

/bin/arch              = unknown
/usr/bin/arch -k       = unknown
/usr/convex/getsysinfo = unknown
/usr/bin/hostinfo      = unknown
/bin/machine           = unknown
/usr/bin/oslevel       = unknown
/bin/universe          = unknown

PATH: /usr/local/sbin
PATH: /usr/local/bin
PATH: /usr/sbin
PATH: /usr/bin
PATH: /sbin
PATH: /bin
PATH: /snap/bin


## ----------- ##
## Core tests. ##
## ----------- ##

configure:2379: checking whether make supports nested variables
configure:2396: result: yes
configure:2460: checking for a BSD-compatible install
configure:2528: result: /usr/bin/install -c
configure:2539: checking whether build environment is sane
configure:2594: result: yes
configure:2745: checking for a thread-safe mkdir -p
configure:2784: result: /bin/mkdir -p
configure:2791: checking for gawk
configure:2807: found /usr/bin/gawk
configure:2818: result: gawk
configure:2829: checking whether make sets $(MAKE)
configure:2851: result: yes
configure:2947: checking whether UID '0' is supported by ustar format
configure:2950: result: yes
configure:2957: checking whether GID '0' is supported by ustar format
configure:2960: result: yes
configure:2968: checking how to create a ustar tar archive
configure:2979: tar --version
tar (GNU tar) 1.28
Copyright (C) 2014 Free Software Foundation, Inc.
License GPLv3+: GNU GPL version 3 or later <http://gnu.org/licenses/gpl.html>.
This is free software: you are free to change and redistribute it.
There is NO WARRANTY, to the extent permitted by law.

Written by John Gilmore and Jay Fenlason.
configure:2982: $? = 0
configure:3022: tardir=conftest.dir && eval tar --format=ustar -chf - "$tardir" >conftest.tar
configure:3025: $? = 0
configure:3029: tar -xf - <conftest.tar
configure:3032: $? = 0
configure:3034: cat conftest.dir/file
GrepMe
configure:3037: $? = 0
configure:3050: result: gnutar
configure:3102: checking whether to enable maintainer-specific portions of Makefiles
configure:3111: result: yes
configure:3173: checking for gcc
configure:3189: found /usr/bin/gcc
configure:3200: result: gcc
configure:3429: checking for C compiler version
configure:3438: gcc --version >&5
gcc (Ubuntu 5.4.1-2ubuntu1~16.04) 5.4.1 20160904
Copyright (C) 2015 Free Software Foundation, Inc.
This is free software; see the source for copying conditions.  There is NO
warranty; not even for MERCHANTABILITY or FITNESS FOR A PARTICULAR PURPOSE.

configure:3449: $? = 0
configure:3438: gcc -v >&5
Using built-in specs.
COLLECT_GCC=gcc
COLLECT_LTO_WRAPPER=/usr/lib/gcc/x86_64-linux-gnu/5/lto-wrapper
Target: x86_64-linux-gnu
Configured with: ../src/configure -v --with-pkgversion='Ubuntu 5.4.1-2ubuntu1~16.04' --with-bugurl=file:///usr/share/doc/gcc-5/README.Bugs --enable-languages=c,ada,c++,java,go,d,fortran,objc,obj-c++ --prefix=/usr --program-suffix=-5 --enable-shared --enable-linker-build-id --libexecdir=/usr/lib --without-included-gettext --enable-threads=posix --libdir=/usr/lib --enable-nls --with-sysroot=/ --enable-clocale=gnu --enable-libstdcxx-debug --enable-libstdcxx-time=yes --with-default-libstdcxx-abi=new --enable-gnu-unique-object --disable-vtable-verify --enable-libmpx --enable-plugin --with-system-zlib --disable-browser-plugin --enable-java-awt=gtk --enable-gtk-cairo --with-java-home=/usr/lib/jvm/java-1.5.0-gcj-5-amd64/jre --enable-java-home --with-jvm-root-dir=/usr/lib/jvm/java-1.5.0-gcj-5-amd64 --with-jvm-jar-dir=/usr/lib/jvm-exports/java-1.5.0-gcj-5-amd64 --with-arch-directory=amd64 --with-ecj-jar=/usr/share/java/eclipse-ecj.jar --enable-objc-gc --enable-multiarch --disable-werror --with-arch-32=i686 --with-abi=m64 --with-multilib-list=m32,m64,mx32 --enable-multilib --with-tune=generic --enable-checking=release --build=x86_64-linux-gnu --host=x86_64-linux-gnu --target=x86_64-linux-gnu
Thread model: posix
gcc version 5.4.1 20160904 (Ubuntu 5.4.1-2ubuntu1~16.04) 
configure:3449: $? = 0
configure:3438: gcc -V >&5
gcc: error: unrecognized command line option '-V'
gcc: fatal error: no input files
compilation terminated.
configure:3449: $? = 1
configure:3438: gcc -qversion >&5
gcc: error: unrecognized command line option '-qversion'
gcc: fatal error: no input files
compilation terminated.
configure:3449: $? = 1
configure:3469: checking whether the C compiler works
configure:3491: gcc    conftest.c  >&5
configure:3495: $? = 0
configure:3543: result: yes
configure:3546: checking for C compiler default output file name
configure:3548: result: a.out
configure:3554: checking for suffix of executables
configure:3561: gcc -o conftest    conftest.c  >&5
configure:3565: $? = 0
configure:3587: result: 
configure:3609: checking whether we are cross compiling
configure:3617: gcc -o conftest    conftest.c  >&5
configure:3621: $? = 0
configure:3628: ./conftest
configure:3632: $? = 0
configure:3647: result: no
configure:3652: checking for suffix of object files
configure:3674: gcc -c   conftest.c >&5
configure:3678: $? = 0
configure:3699: result: o
configure:3703: checking whether we are using the GNU C compiler
configure:3722: gcc -c   conftest.c >&5
configure:3722: $? = 0
configure:3731: result: yes
configure:3740: checking whether gcc accepts -g
configure:3760: gcc -c -g  conftest.c >&5
configure:3760: $? = 0
configure:3801: result: yes
configure:3818: checking for gcc option to accept ISO C89
configure:3881: gcc  -c -g -O2  conftest.c >&5
configure:3881: $? = 0
configure:3894: result: none needed
configure:3919: checking whether gcc understands -c and -o together
configure:3941: gcc -c conftest.c -o conftest2.o
configure:3944: $? = 0
configure:3941: gcc -c conftest.c -o conftest2.o
configure:3944: $? = 0
configure:3956: result: yes
configure:3984: checking for style of include used by make
configure:4012: result: GNU
configure:4038: checking dependency style of gcc
configure:4149: result: gcc3
configure:4176: checking for a sed that does not truncate output
configure:4240: result: /bin/sed
configure:4246: checking whether NLS is requested
configure:4255: result: yes
configure:4295: checking for msgfmt
configure: trying /usr/bin/msgfmt...
0 translated messages.
configure:4327: result: /usr/bin/msgfmt
configure:4336: checking for gmsgfmt
configure:4367: result: /usr/bin/msgfmt
configure:4417: checking for xgettext
configure: trying /usr/bin/xgettext...
/usr/bin/xgettext: warning: file '/dev/null' extension '' is unknown; will try C
configure:4449: result: /usr/bin/xgettext
configure:4494: checking for msgmerge
configure: trying /usr/bin/msgmerge...
configure:4525: result: /usr/bin/msgmerge
configure:4562: checking build system type
configure:4576: result: x86_64-pc-linux-gnu
configure:4596: checking host system type
configure:4609: result: x86_64-pc-linux-gnu
configure:4654: checking for ld used by gcc
configure:4721: result: /usr/bin/ld
configure:4728: checking if the linker (/usr/bin/ld) is GNU ld
configure:4743: result: yes
configure:4750: checking for shared library run path origin
configure:4763: result: done
configure:4788: checking how to run the C preprocessor
configure:4819: gcc -E  conftest.c
configure:4819: $? = 0
configure:4833: gcc -E  conftest.c
conftest.c:14:28: fatal error: ac_nonexistent.h: No such file or directory
compilation terminated.
configure:4833: $? = 1
configure: failed program was:
| /* confdefs.h */
| #define PACKAGE_NAME "gala"
| #define PACKAGE_TARNAME "gala"
| #define PACKAGE_VERSION "0.3.0.567-dirty"
| #define PACKAGE_STRING "gala 0.3.0.567-dirty"
| #define PACKAGE_BUGREPORT "https://bugs.launchpad.net/gala"
| #define PACKAGE_URL "https://launchpad.net/gala"
| #define RELEASE_NAME "Window Manager."
| #define VERSION_INFO "Development"
| #define PACKAGE "gala"
| #define VERSION "0.3.0.567-dirty"
| #define GETTEXT_PACKAGE "gala"
| /* end confdefs.h.  */
| #include <ac_nonexistent.h>
configure:4858: result: gcc -E
configure:4878: gcc -E  conftest.c
configure:4878: $? = 0
configure:4892: gcc -E  conftest.c
conftest.c:14:28: fatal error: ac_nonexistent.h: No such file or directory
compilation terminated.
configure:4892: $? = 1
configure: failed program was:
| /* confdefs.h */
| #define PACKAGE_NAME "gala"
| #define PACKAGE_TARNAME "gala"
| #define PACKAGE_VERSION "0.3.0.567-dirty"
| #define PACKAGE_STRING "gala 0.3.0.567-dirty"
| #define PACKAGE_BUGREPORT "https://bugs.launchpad.net/gala"
| #define PACKAGE_URL "https://launchpad.net/gala"
| #define RELEASE_NAME "Window Manager."
| #define VERSION_INFO "Development"
| #define PACKAGE "gala"
| #define VERSION "0.3.0.567-dirty"
| #define GETTEXT_PACKAGE "gala"
| /* end confdefs.h.  */
| #include <ac_nonexistent.h>
configure:4921: checking for grep that handles long lines and -e
configure:4979: result: /bin/grep
configure:4984: checking for egrep
configure:5046: result: /bin/grep -E
configure:5604: checking for CFPreferencesCopyAppValue
configure:5622: gcc -o conftest -g -O2   conftest.c  -Wl,-framework -Wl,CoreFoundation >&5
conftest.c:14:42: fatal error: CoreFoundation/CFPreferences.h: No such file or directory
compilation terminated.
configure:5622: $? = 1
configure: failed program was:
| /* confdefs.h */
| #define PACKAGE_NAME "gala"
| #define PACKAGE_TARNAME "gala"
| #define PACKAGE_VERSION "0.3.0.567-dirty"
| #define PACKAGE_STRING "gala 0.3.0.567-dirty"
| #define PACKAGE_BUGREPORT "https://bugs.launchpad.net/gala"
| #define PACKAGE_URL "https://launchpad.net/gala"
| #define RELEASE_NAME "Window Manager."
| #define VERSION_INFO "Development"
| #define PACKAGE "gala"
| #define VERSION "0.3.0.567-dirty"
| #define GETTEXT_PACKAGE "gala"
| /* end confdefs.h.  */
| #include <CoreFoundation/CFPreferences.h>
| int
| main ()
| {
| CFPreferencesCopyAppValue(NULL, NULL)
|   ;
|   return 0;
| }
configure:5631: result: no
configure:5638: checking for CFLocaleCopyCurrent
configure:5656: gcc -o conftest -g -O2   conftest.c  -Wl,-framework -Wl,CoreFoundation >&5
conftest.c:14:37: fatal error: CoreFoundation/CFLocale.h: No such file or directory
compilation terminated.
configure:5656: $? = 1
configure: failed program was:
| /* confdefs.h */
| #define PACKAGE_NAME "gala"
| #define PACKAGE_TARNAME "gala"
| #define PACKAGE_VERSION "0.3.0.567-dirty"
| #define PACKAGE_STRING "gala 0.3.0.567-dirty"
| #define PACKAGE_BUGREPORT "https://bugs.launchpad.net/gala"
| #define PACKAGE_URL "https://launchpad.net/gala"
| #define RELEASE_NAME "Window Manager."
| #define VERSION_INFO "Development"
| #define PACKAGE "gala"
| #define VERSION "0.3.0.567-dirty"
| #define GETTEXT_PACKAGE "gala"
| /* end confdefs.h.  */
| #include <CoreFoundation/CFLocale.h>
| int
| main ()
| {
| CFLocaleCopyCurrent();
|   ;
|   return 0;
| }
configure:5665: result: no
configure:5714: checking for GNU gettext in libc
configure:5738: gcc -o conftest -g -O2   conftest.c  >&5
configure:5738: $? = 0
configure:5747: result: yes
configure:6584: checking whether to use NLS
configure:6586: result: yes
configure:6589: checking where the gettext function comes from
configure:6600: result: libc
configure:6705: checking how to print strings
configure:6732: result: printf
configure:6753: checking for a sed that does not truncate output
configure:6817: result: /bin/sed
configure:6835: checking for fgrep
configure:6897: result: /bin/grep -F
configure:6932: checking for ld used by gcc
configure:6999: result: /usr/bin/ld
configure:7006: checking if the linker (/usr/bin/ld) is GNU ld
configure:7021: result: yes
configure:7033: checking for BSD- or MS-compatible name lister (nm)
configure:7087: result: /usr/bin/nm -B
configure:7217: checking the name lister (/usr/bin/nm -B) interface
configure:7224: gcc -c -g -O2  conftest.c >&5
configure:7227: /usr/bin/nm -B "conftest.o"
configure:7230: output
0000000000000000 B some_variable
configure:7237: result: BSD nm
configure:7240: checking whether ln -s works
configure:7244: result: yes
configure:7252: checking the maximum length of command line arguments
configure:7383: result: 1572864
configure:7431: checking how to convert x86_64-pc-linux-gnu file names to x86_64-pc-linux-gnu format
configure:7471: result: func_convert_file_noop
configure:7478: checking how to convert x86_64-pc-linux-gnu file names to toolchain format
configure:7498: result: func_convert_file_noop
configure:7505: checking for /usr/bin/ld option to reload object files
configure:7512: result: -r
configure:7586: checking for objdump
configure:7602: found /usr/bin/objdump
configure:7613: result: objdump
configure:7645: checking how to recognize dependent libraries
configure:7845: result: pass_all
configure:7930: checking for dlltool
configure:7960: result: no
configure:7990: checking how to associate runtime and link libraries
configure:8017: result: printf %s\n
configure:8077: checking for ar
configure:8093: found /usr/bin/ar
configure:8104: result: ar
configure:8141: checking for archiver @FILE support
configure:8158: gcc -c -g -O2  conftest.c >&5
configure:8158: $? = 0
configure:8161: ar cru libconftest.a @conftest.lst >&5
ar: `u' modifier ignored since `D' is the default (see `U')
configure:8164: $? = 0
configure:8169: ar cru libconftest.a @conftest.lst >&5
ar: `u' modifier ignored since `D' is the default (see `U')
ar: conftest.o: No such file or directory
configure:8172: $? = 1
configure:8184: result: @
configure:8242: checking for strip
configure:8258: found /usr/bin/strip
configure:8269: result: strip
configure:8341: checking for ranlib
configure:8357: found /usr/bin/ranlib
configure:8368: result: ranlib
configure:8470: checking command to parse /usr/bin/nm -B output from gcc object
configure:8623: gcc -c -g -O2  conftest.c >&5
configure:8626: $? = 0
configure:8630: /usr/bin/nm -B conftest.o \| sed -n -e 's/^.*[ ]\([ABCDGIRSTW][ABCDGIRSTW]*\)[ ][ ]*\([_A-Za-z][_A-Za-z0-9]*\)$/\1 \2 \2/p' | sed '/ __gnu_lto/d' \> conftest.nm
configure:8633: $? = 0
configure:8699: gcc -o conftest -g -O2   conftest.c conftstm.o >&5
configure:8702: $? = 0
configure:8740: result: ok
configure:8787: checking for sysroot
configure:8817: result: no
configure:8824: checking for a working dd
configure:8862: result: /bin/dd
configure:8866: checking how to truncate binary pipes
configure:8881: result: /bin/dd bs=4096 count=1
configure:9017: gcc -c -g -O2  conftest.c >&5
configure:9020: $? = 0
configure:9210: checking for mt
configure:9226: found /bin/mt
configure:9237: result: mt
configure:9260: checking if mt is a manifest tool
configure:9266: mt '-?'
configure:9274: result: no
configure:9946: checking for ANSI C header files
configure:9966: gcc -c -g -O2  conftest.c >&5
configure:9966: $? = 0
configure:10039: gcc -o conftest -g -O2   conftest.c  >&5
configure:10039: $? = 0
configure:10039: ./conftest
configure:10039: $? = 0
configure:10050: result: yes
configure:10063: checking for sys/types.h
configure:10063: gcc -c -g -O2  conftest.c >&5
configure:10063: $? = 0
configure:10063: result: yes
configure:10063: checking for sys/stat.h
configure:10063: gcc -c -g -O2  conftest.c >&5
configure:10063: $? = 0
configure:10063: result: yes
configure:10063: checking for stdlib.h
configure:10063: gcc -c -g -O2  conftest.c >&5
configure:10063: $? = 0
configure:10063: result: yes
configure:10063: checking for string.h
configure:10063: gcc -c -g -O2  conftest.c >&5
configure:10063: $? = 0
configure:10063: result: yes
configure:10063: checking for memory.h
configure:10063: gcc -c -g -O2  conftest.c >&5
configure:10063: $? = 0
configure:10063: result: yes
configure:10063: checking for strings.h
configure:10063: gcc -c -g -O2  conftest.c >&5
configure:10063: $? = 0
configure:10063: result: yes
configure:10063: checking for inttypes.h
configure:10063: gcc -c -g -O2  conftest.c >&5
configure:10063: $? = 0
configure:10063: result: yes
configure:10063: checking for stdint.h
configure:10063: gcc -c -g -O2  conftest.c >&5
configure:10063: $? = 0
configure:10063: result: yes
configure:10063: checking for unistd.h
configure:10063: gcc -c -g -O2  conftest.c >&5
configure:10063: $? = 0
configure:10063: result: yes
configure:10077: checking for dlfcn.h
configure:10077: gcc -c -g -O2  conftest.c >&5
configure:10077: $? = 0
configure:10077: result: yes
configure:10332: checking for objdir
configure:10347: result: .libs
configure:10611: checking if gcc supports -fno-rtti -fno-exceptions
configure:10629: gcc -c -g -O2  -fno-rtti -fno-exceptions conftest.c >&5
cc1: warning: command line option '-fno-rtti' is valid for C++/ObjC++ but not for C
configure:10633: $? = 0
configure:10646: result: no
configure:11004: checking for gcc option to produce PIC
configure:11011: result: -fPIC -DPIC
configure:11019: checking if gcc PIC flag -fPIC -DPIC works
configure:11037: gcc -c -g -O2  -fPIC -DPIC -DPIC conftest.c >&5
configure:11041: $? = 0
configure:11054: result: yes
configure:11083: checking if gcc static flag -static works
configure:11111: result: yes
configure:11126: checking if gcc supports -c -o file.o
configure:11147: gcc -c -g -O2  -o out/conftest2.o conftest.c >&5
configure:11151: $? = 0
configure:11173: result: yes
configure:11181: checking if gcc supports -c -o file.o
configure:11228: result: yes
configure:11261: checking whether the gcc linker (/usr/bin/ld -m elf_x86_64) supports shared libraries
configure:12524: result: yes
configure:12561: checking whether -lc should be explicitly linked in
configure:12569: gcc -c -g -O2  conftest.c >&5
configure:12572: $? = 0
configure:12587: gcc -shared  -fPIC -DPIC conftest.o  -v -Wl,-soname -Wl,conftest -o conftest 2\>\&1 \| /bin/grep  -lc  \>/dev/null 2\>\&1
configure:12590: $? = 0
configure:12604: result: no
configure:12764: checking dynamic linker characteristics
configure:13345: gcc -o conftest -g -O2   -Wl,-rpath -Wl,/foo conftest.c  >&5
configure:13345: $? = 0
configure:13594: result: GNU/Linux ld.so
configure:13716: checking how to hardcode library paths into programs
configure:13741: result: immediate
configure:14289: checking whether stripping libraries is possible
configure:14294: result: yes
configure:14329: checking if libtool supports shared libraries
configure:14331: result: yes
configure:14334: checking whether to build shared libraries
configure:14359: result: yes
configure:14362: checking whether to build static libraries
configure:14366: result: no
configure:14457: checking for pkg-config
configure:14475: found /usr/bin/pkg-config
configure:14487: result: /usr/bin/pkg-config
configure:14512: checking pkg-config is at least version 0.21
configure:14515: result: yes
configure:14612: checking for cos in -lm
configure:14637: gcc -o conftest -g -O2   conftest.c -lm   >&5
conftest.c:36:6: warning: conflicting types for built-in function 'cos'
 char cos ();
      ^
configure:14637: $? = 0
configure:14646: result: yes
configure:14723: checking for pkg-config
configure:14753: result: /usr/bin/pkg-config
configure:14778: checking pkg-config is at least version 0.16
configure:14781: result: yes
configure:14915: checking for valac
configure:14933: found /usr/bin/valac
configure:14946: result: /usr/bin/valac
configure:14955: checking whether /usr/bin/valac is at least version 0.28.0
configure:14963: result: yes
configure:14990: checking for vapigen
configure:15008: found /usr/local/bin/vapigen
configure:15020: result: /usr/local/bin/vapigen
configure:15086: checking for MUTTER316
configure:15093: $PKG_CONFIG --exists --print-errors "libmutter >= 3.15"
configure:15096: $? = 0
configure:15110: $PKG_CONFIG --exists --print-errors "libmutter >= 3.15"
configure:15113: $? = 0
configure:15151: result: yes
configure:15158: checking for MUTTER316
configure:15243: result: yes
configure:15254: checking for MUTTER318
configure:15261: $PKG_CONFIG --exists --print-errors "libmutter >= 3.17"
configure:15264: $? = 0
configure:15278: $PKG_CONFIG --exists --print-errors "libmutter >= 3.17"
configure:15281: $? = 0
configure:15319: result: yes
configure:15326: checking for MUTTER318
configure:15411: result: yes
configure:15422: checking for MUTTER320
configure:15429: $PKG_CONFIG --exists --print-errors "libmutter >= 3.19"
Requested 'libmutter >= 3.19' but version of libmutter is 3.18.3
configure:15432: $? = 1
configure:15446: $PKG_CONFIG --exists --print-errors "libmutter >= 3.19"
Requested 'libmutter >= 3.19' but version of libmutter is 3.18.3
configure:15449: $? = 1
configure:15463: result: no
Requested 'libmutter >= 3.19' but version of libmutter is 3.18.3
configure:15590: checking for MUTTER322
configure:15597: $PKG_CONFIG --exists --print-errors "libmutter >= 3.21"
Requested 'libmutter >= 3.21' but version of libmutter is 3.18.3
configure:15600: $? = 1
configure:15614: $PKG_CONFIG --exists --print-errors "libmutter >= 3.21"
Requested 'libmutter >= 3.21' but version of libmutter is 3.18.3
configure:15617: $? = 1
configure:15631: result: no
Requested 'libmutter >= 3.21' but version of libmutter is 3.18.3
configure:15762: checking for MUTTER324
configure:15769: $PKG_CONFIG --exists --print-errors "libmutter-0 >= 3.23"
Package libmutter-0 was not found in the pkg-config search path.
Perhaps you should add the directory containing `libmutter-0.pc'
to the PKG_CONFIG_PATH environment variable
No package 'libmutter-0' found
configure:15772: $? = 1
configure:15786: $PKG_CONFIG --exists --print-errors "libmutter-0 >= 3.23"
Package libmutter-0 was not found in the pkg-config search path.
Perhaps you should add the directory containing `libmutter-0.pc'
to the PKG_CONFIG_PATH environment variable
No package 'libmutter-0' found
configure:15789: $? = 1
configure:15803: result: no
No package 'libmutter-0' found
configure:15936: checking for PLANK_0_11
configure:15943: $PKG_CONFIG --exists --print-errors "$PLANK_PKGS"
configure:15946: $? = 0
configure:15960: $PKG_CONFIG --exists --print-errors "$PLANK_PKGS"
configure:15963: $? = 0
configure:16001: result: yes
configure:16012: checking for GSD310
configure:16019: $PKG_CONFIG --exists --print-errors "gnome-settings-daemon >= 3.9.5"
Package gnome-settings-daemon was not found in the pkg-config search path.
Perhaps you should add the directory containing `gnome-settings-daemon.pc'
to the PKG_CONFIG_PATH environment variable
No package 'gnome-settings-daemon' found
configure:16022: $? = 1
configure:16036: $PKG_CONFIG --exists --print-errors "gnome-settings-daemon >= 3.9.5"
Package gnome-settings-daemon was not found in the pkg-config search path.
Perhaps you should add the directory containing `gnome-settings-daemon.pc'
to the PKG_CONFIG_PATH environment variable
No package 'gnome-settings-daemon' found
configure:16039: $? = 1
configure:16053: result: no
No package 'gnome-settings-daemon' found
configure:16086: checking for GSD316
configure:16093: $PKG_CONFIG --exists --print-errors "gnome-settings-daemon >= 3.15.2"
Package gnome-settings-daemon was not found in the pkg-config search path.
Perhaps you should add the directory containing `gnome-settings-daemon.pc'
to the PKG_CONFIG_PATH environment variable
No package 'gnome-settings-daemon' found
configure:16096: $? = 1
configure:16110: $PKG_CONFIG --exists --print-errors "gnome-settings-daemon >= 3.15.2"
Package gnome-settings-daemon was not found in the pkg-config search path.
Perhaps you should add the directory containing `gnome-settings-daemon.pc'
to the PKG_CONFIG_PATH environment variable
No package 'gnome-settings-daemon' found
configure:16113: $? = 1
configure:16127: result: no
No package 'gnome-settings-daemon' found
configure:16166: checking for GALA_CORE
configure:16173: $PKG_CONFIG --exists --print-errors "$GALA_CORE_PKGS"
configure:16176: $? = 0
configure:16190: $PKG_CONFIG --exists --print-errors "$GALA_CORE_PKGS"
configure:16193: $? = 0
configure:16251: result: yes
configure:16270: checking for NOTIFICAION_PLUGIN
configure:16277: $PKG_CONFIG --exists --print-errors "$NOTIFICATION_PLUGIN_PKGS"
configure:16280: $? = 0
configure:16294: $PKG_CONFIG --exists --print-errors "$NOTIFICATION_PLUGIN_PKGS"
configure:16297: $? = 0
configure:16355: result: yes
configure:16678: checking that generated files are newer than configure
configure:16684: result: done
configure:16719: creating ./config.status

## ---------------- ##
## Cache variables. ##
## ---------------- ##

ac_cv_build=x86_64-pc-linux-gnu
ac_cv_c_compiler_gnu=yes
ac_cv_env_CC_set=
ac_cv_env_CC_value=
ac_cv_env_CFLAGS_set=
ac_cv_env_CFLAGS_value=
ac_cv_env_CPPFLAGS_set=
ac_cv_env_CPPFLAGS_value=
ac_cv_env_CPP_set=
ac_cv_env_CPP_value=
ac_cv_env_GALA_CORE_CFLAGS_set=
ac_cv_env_GALA_CORE_CFLAGS_value=
ac_cv_env_GALA_CORE_LIBS_set=
ac_cv_env_GALA_CORE_LIBS_value=
ac_cv_env_GSD310_CFLAGS_set=
ac_cv_env_GSD310_CFLAGS_value=
ac_cv_env_GSD310_LIBS_set=
ac_cv_env_GSD310_LIBS_value=
ac_cv_env_GSD316_CFLAGS_set=
ac_cv_env_GSD316_CFLAGS_value=
ac_cv_env_GSD316_LIBS_set=
ac_cv_env_GSD316_LIBS_value=
ac_cv_env_LDFLAGS_set=
ac_cv_env_LDFLAGS_value=
ac_cv_env_LIBS_set=
ac_cv_env_LIBS_value=
ac_cv_env_LT_SYS_LIBRARY_PATH_set=
ac_cv_env_LT_SYS_LIBRARY_PATH_value=
ac_cv_env_MUTTER316_CFLAGS_set=
ac_cv_env_MUTTER316_CFLAGS_value=
ac_cv_env_MUTTER316_LIBS_set=
ac_cv_env_MUTTER316_LIBS_value=
ac_cv_env_MUTTER318_CFLAGS_set=
ac_cv_env_MUTTER318_CFLAGS_value=
ac_cv_env_MUTTER318_LIBS_set=
ac_cv_env_MUTTER318_LIBS_value=
ac_cv_env_MUTTER320_CFLAGS_set=
ac_cv_env_MUTTER320_CFLAGS_value=
ac_cv_env_MUTTER320_LIBS_set=
ac_cv_env_MUTTER320_LIBS_value=
ac_cv_env_MUTTER322_CFLAGS_set=
ac_cv_env_MUTTER322_CFLAGS_value=
ac_cv_env_MUTTER322_LIBS_set=
ac_cv_env_MUTTER322_LIBS_value=
ac_cv_env_MUTTER324_CFLAGS_set=
ac_cv_env_MUTTER324_CFLAGS_value=
ac_cv_env_MUTTER324_LIBS_set=
ac_cv_env_MUTTER324_LIBS_value=
ac_cv_env_NOTIFICAION_PLUGIN_CFLAGS_set=
ac_cv_env_NOTIFICAION_PLUGIN_CFLAGS_value=
ac_cv_env_NOTIFICAION_PLUGIN_LIBS_set=
ac_cv_env_NOTIFICAION_PLUGIN_LIBS_value=
ac_cv_env_PKG_CONFIG_LIBDIR_set=
ac_cv_env_PKG_CONFIG_LIBDIR_value=
ac_cv_env_PKG_CONFIG_PATH_set=
ac_cv_env_PKG_CONFIG_PATH_value=
ac_cv_env_PKG_CONFIG_set=
ac_cv_env_PKG_CONFIG_value=
ac_cv_env_PLANK_0_11_CFLAGS_set=
ac_cv_env_PLANK_0_11_CFLAGS_value=
ac_cv_env_PLANK_0_11_LIBS_set=
ac_cv_env_PLANK_0_11_LIBS_value=
ac_cv_env_VALADOC_CFLAGS_set=
ac_cv_env_VALADOC_CFLAGS_value=
ac_cv_env_VALADOC_LIBS_set=
ac_cv_env_VALADOC_LIBS_value=
ac_cv_env_build_alias_set=
ac_cv_env_build_alias_value=
ac_cv_env_host_alias_set=
ac_cv_env_host_alias_value=
ac_cv_env_target_alias_set=
ac_cv_env_target_alias_value=
ac_cv_header_dlfcn_h=yes
ac_cv_header_inttypes_h=yes
ac_cv_header_memory_h=yes
ac_cv_header_stdc=yes
ac_cv_header_stdint_h=yes
ac_cv_header_stdlib_h=yes
ac_cv_header_string_h=yes
ac_cv_header_strings_h=yes
ac_cv_header_sys_stat_h=yes
ac_cv_header_sys_types_h=yes
ac_cv_header_unistd_h=yes
ac_cv_host=x86_64-pc-linux-gnu
ac_cv_lib_m_cos=yes
ac_cv_objext=o
ac_cv_path_EGREP='/bin/grep -E'
ac_cv_path_FGREP='/bin/grep -F'
ac_cv_path_GMSGFMT=/usr/bin/msgfmt
ac_cv_path_GREP=/bin/grep
ac_cv_path_MSGFMT=/usr/bin/msgfmt
ac_cv_path_MSGMERGE=/usr/bin/msgmerge
ac_cv_path_SED=/bin/sed
ac_cv_path_VALAC=/usr/bin/valac
ac_cv_path_VAPIGEN=/usr/local/bin/vapigen
ac_cv_path_XGETTEXT=/usr/bin/xgettext
ac_cv_path_ac_pt_PKG_CONFIG=/usr/bin/pkg-config
ac_cv_path_install='/usr/bin/install -c'
ac_cv_path_lt_DD=/bin/dd
ac_cv_path_mkdir=/bin/mkdir
ac_cv_prog_AWK=gawk
ac_cv_prog_CPP='gcc -E'
ac_cv_prog_ac_ct_AR=ar
ac_cv_prog_ac_ct_CC=gcc
ac_cv_prog_ac_ct_MANIFEST_TOOL=mt
ac_cv_prog_ac_ct_OBJDUMP=objdump
ac_cv_prog_ac_ct_RANLIB=ranlib
ac_cv_prog_ac_ct_STRIP=strip
ac_cv_prog_cc_c89=
ac_cv_prog_cc_g=yes
ac_cv_prog_make_make_set=yes
acl_cv_hardcode_direct=no
acl_cv_hardcode_libdir_flag_spec='${wl}-rpath ${wl}$libdir'
acl_cv_hardcode_libdir_separator=
acl_cv_hardcode_minus_L=no
acl_cv_libext=a
acl_cv_libname_spec='lib$name'
acl_cv_library_names_spec='$libname$shrext'
acl_cv_path_LD=/usr/bin/ld
acl_cv_prog_gnu_ld=yes
acl_cv_rpath=done
acl_cv_shlibext=so
acl_cv_wl=-Wl,
am_cv_CC_dependencies_compiler_type=gcc3
am_cv_make_support_nested_variables=yes
am_cv_prog_cc_c_o=yes
am_cv_prog_tar_ustar=gnutar
gt_cv_func_CFLocaleCopyCurrent=no
gt_cv_func_CFPreferencesCopyAppValue=no
gt_cv_func_gnugettext1_libc=yes
lt_cv_ar_at_file=@
lt_cv_archive_cmds_need_lc=no
lt_cv_deplibs_check_method=pass_all
lt_cv_file_magic_cmd='$MAGIC_CMD'
lt_cv_file_magic_test_file=
lt_cv_ld_reload_flag=-r
lt_cv_nm_interface='BSD nm'
lt_cv_objdir=.libs
lt_cv_path_LD=/usr/bin/ld
lt_cv_path_NM='/usr/bin/nm -B'
lt_cv_path_mainfest_tool=no
lt_cv_prog_compiler_c_o=yes
lt_cv_prog_compiler_pic='-fPIC -DPIC'
lt_cv_prog_compiler_pic_works=yes
lt_cv_prog_compiler_rtti_exceptions=no
lt_cv_prog_compiler_static_works=yes
lt_cv_prog_gnu_ld=yes
lt_cv_sharedlib_from_linklib_cmd='printf %s\n'
lt_cv_shlibpath_overrides_runpath=no
lt_cv_sys_global_symbol_pipe='sed -n -e '\''s/^.*[	 ]\([ABCDGIRSTW][ABCDGIRSTW]*\)[	 ][	 ]*\([_A-Za-z][_A-Za-z0-9]*\)$/\1 \2 \2/p'\'' | sed '\''/ __gnu_lto/d'\'''
lt_cv_sys_global_symbol_to_c_name_address='sed -n -e '\''s/^: \(.*\) .*$/  {"\1", (void *) 0},/p'\'' -e '\''s/^[ABCDGIRSTW][ABCDGIRSTW]* .* \(.*\)$/  {"\1", (void *) \&\1},/p'\'''
lt_cv_sys_global_symbol_to_c_name_address_lib_prefix='sed -n -e '\''s/^: \(.*\) .*$/  {"\1", (void *) 0},/p'\'' -e '\''s/^[ABCDGIRSTW][ABCDGIRSTW]* .* \(lib.*\)$/  {"\1", (void *) \&\1},/p'\'' -e '\''s/^[ABCDGIRSTW][ABCDGIRSTW]* .* \(.*\)$/  {"lib\1", (void *) \&\1},/p'\'''
lt_cv_sys_global_symbol_to_cdecl='sed -n -e '\''s/^T .* \(.*\)$/extern int \1();/p'\'' -e '\''s/^[ABCDGIRSTW][ABCDGIRSTW]* .* \(.*\)$/extern char \1;/p'\'''
lt_cv_sys_global_symbol_to_import=
lt_cv_sys_max_cmd_len=1572864
lt_cv_to_host_file_cmd=func_convert_file_noop
lt_cv_to_tool_file_cmd=func_convert_file_noop
lt_cv_truncate_bin='/bin/dd bs=4096 count=1'
pkg_cv_GALA_CORE_CFLAGS='-pthread -I/usr/include/gtk-3.0 -I/usr/include/granite -I/usr/include/gnome-desktop-3.0 -I/usr/include/plank -I/usr/include/gee-0.8 -I/usr/include/libbamf3 -I/usr/lib/x86_64-linux-gnu/libbamf3/include -I/usr/include/gtk-3.0 -I/usr/include/at-spi2-atk/2.0 -I/usr/include/at-spi-2.0 -I/usr/include/dbus-1.0 -I/usr/lib/x86_64-linux-gnu/dbus-1.0/include -I/usr/include/clutter-1.0 -I/usr/include/cogl -I/usr/include/atk-1.0 -I/usr/include/cogl -I/usr/include/libdrm -I/usr/include/json-glib-1.0 -I/usr/include/gtk-3.0 -I/usr/include/gio-unix-2.0/ -I/usr/include/mirclient -I/usr/include/mircommon -I/usr/include/mircookie -I/usr/include/cairo -I/usr/include/pango-1.0 -I/usr/include/harfbuzz -I/usr/include/pango-1.0 -I/usr/include/gdk-pixbuf-2.0 -I/usr/include/libpng12 -I/usr/include/cairo -I/usr/include/pixman-1 -I/usr/include/freetype2 -I/usr/include/libpng12 -I/usr/include/glib-2.0 -I/usr/lib/x86_64-linux-gnu/glib-2.0/include -I/usr/include/mutter -I/usr/include/gsettings-desktop-schemas'
pkg_cv_GALA_CORE_LIBS='-Wl,--export-dynamic -lgmodule-2.0 -pthread -lgdk-3 -lgranite -lgio-2.0 -lgthread-2.0 -pthread -lgnome-desktop-3 -lplank -lgee-0.8 -lbamf3 -lmutter -lgtk-3 -lclutter-1.0 -lcogl-path -latk-1.0 -lcogl-pango -lcogl -lgmodule-2.0 -pthread -lwayland-egl -lgbm -ldrm -lEGL -lXrandr -ljson-glib-1.0 -lgio-2.0 -lgdk-3 -lpangocairo-1.0 -lpango-1.0 -lgdk_pixbuf-2.0 -lcairo-gobject -lcairo -lgobject-2.0 -lglib-2.0 -lwayland-cursor -lwayland-client -lxkbcommon -lwayland-server -lXext -lXdamage -lXfixes -lXcomposite -lXi -lX11'
pkg_cv_MUTTER316_CFLAGS='-pthread -I/usr/include/gtk-3.0 -I/usr/include/at-spi2-atk/2.0 -I/usr/include/at-spi-2.0 -I/usr/include/dbus-1.0 -I/usr/lib/x86_64-linux-gnu/dbus-1.0/include -I/usr/include/clutter-1.0 -I/usr/include/cogl -I/usr/include/atk-1.0 -I/usr/include/cogl -I/usr/include/libdrm -I/usr/include/json-glib-1.0 -I/usr/include/gtk-3.0 -I/usr/include/gio-unix-2.0/ -I/usr/include/mirclient -I/usr/include/mircommon -I/usr/include/mircookie -I/usr/include/cairo -I/usr/include/pango-1.0 -I/usr/include/harfbuzz -I/usr/include/pango-1.0 -I/usr/include/gdk-pixbuf-2.0 -I/usr/include/libpng12 -I/usr/include/cairo -I/usr/include/pixman-1 -I/usr/include/freetype2 -I/usr/include/libpng12 -I/usr/include/glib-2.0 -I/usr/lib/x86_64-linux-gnu/glib-2.0/include -I/usr/include/mutter -I/usr/include/gsettings-desktop-schemas'
pkg_cv_MUTTER316_LIBS='-lmutter -lgtk-3 -lclutter-1.0 -lcogl-path -latk-1.0 -lcogl-pango -lcogl -lgmodule-2.0 -pthread -lwayland-egl -lgbm -ldrm -lEGL -lXrandr -ljson-glib-1.0 -lgio-2.0 -lgdk-3 -lpangocairo-1.0 -lpango-1.0 -lgdk_pixbuf-2.0 -lcairo-gobject -lcairo -lgobject-2.0 -lglib-2.0 -lwayland-cursor -lwayland-client -lxkbcommon -lwayland-server -lXext -lXdamage -lXfixes -lXcomposite -lXi -lX11'
pkg_cv_MUTTER318_CFLAGS='-pthread -I/usr/include/gtk-3.0 -I/usr/include/at-spi2-atk/2.0 -I/usr/include/at-spi-2.0 -I/usr/include/dbus-1.0 -I/usr/lib/x86_64-linux-gnu/dbus-1.0/include -I/usr/include/clutter-1.0 -I/usr/include/cogl -I/usr/include/atk-1.0 -I/usr/include/cogl -I/usr/include/libdrm -I/usr/include/json-glib-1.0 -I/usr/include/gtk-3.0 -I/usr/include/gio-unix-2.0/ -I/usr/include/mirclient -I/usr/include/mircommon -I/usr/include/mircookie -I/usr/include/cairo -I/usr/include/pango-1.0 -I/usr/include/harfbuzz -I/usr/include/pango-1.0 -I/usr/include/gdk-pixbuf-2.0 -I/usr/include/libpng12 -I/usr/include/cairo -I/usr/include/pixman-1 -I/usr/include/freetype2 -I/usr/include/libpng12 -I/usr/include/glib-2.0 -I/usr/lib/x86_64-linux-gnu/glib-2.0/include -I/usr/include/mutter -I/usr/include/gsettings-desktop-schemas'
pkg_cv_MUTTER318_LIBS='-lmutter -lgtk-3 -lclutter-1.0 -lcogl-path -latk-1.0 -lcogl-pango -lcogl -lgmodule-2.0 -pthread -lwayland-egl -lgbm -ldrm -lEGL -lXrandr -ljson-glib-1.0 -lgio-2.0 -lgdk-3 -lpangocairo-1.0 -lpango-1.0 -lgdk_pixbuf-2.0 -lcairo-gobject -lcairo -lgobject-2.0 -lglib-2.0 -lwayland-cursor -lwayland-client -lxkbcommon -lwayland-server -lXext -lXdamage -lXfixes -lXcomposite -lXi -lX11'
pkg_cv_NOTIFICAION_PLUGIN_CFLAGS='-D_REENTRANT -pthread -I/usr/include/gtk-3.0 -I/usr/include/at-spi2-atk/2.0 -I/usr/include/at-spi-2.0 -I/usr/include/dbus-1.0 -I/usr/lib/x86_64-linux-gnu/dbus-1.0/include -I/usr/include/gtk-3.0 -I/usr/include/gio-unix-2.0/ -I/usr/include/mirclient -I/usr/include/mircommon -I/usr/include/mircookie -I/usr/include/cairo -I/usr/include/pango-1.0 -I/usr/include/harfbuzz -I/usr/include/pango-1.0 -I/usr/include/atk-1.0 -I/usr/include/cairo -I/usr/include/pixman-1 -I/usr/include/freetype2 -I/usr/include/libpng12 -I/usr/include/gdk-pixbuf-2.0 -I/usr/include/libpng12 -I/usr/include/glib-2.0 -I/usr/lib/x86_64-linux-gnu/glib-2.0/include'
pkg_cv_NOTIFICAION_PLUGIN_LIBS='-lcanberra-gtk3 -lX11 -lcanberra -lgtk-3 -lgdk-3 -lpangocairo-1.0 -lpango-1.0 -latk-1.0 -lcairo-gobject -lcairo -lgdk_pixbuf-2.0 -lgio-2.0 -lgobject-2.0 -lglib-2.0'
pkg_cv_PLANK_0_11_CFLAGS='-pthread -I/usr/include/plank -I/usr/include/gee-0.8 -I/usr/include/gtk-3.0 -I/usr/include/at-spi2-atk/2.0 -I/usr/include/at-spi-2.0 -I/usr/include/dbus-1.0 -I/usr/lib/x86_64-linux-gnu/dbus-1.0/include -I/usr/include/gtk-3.0 -I/usr/include/gio-unix-2.0/ -I/usr/include/mirclient -I/usr/include/mircommon -I/usr/include/mircookie -I/usr/include/cairo -I/usr/include/pango-1.0 -I/usr/include/harfbuzz -I/usr/include/pango-1.0 -I/usr/include/atk-1.0 -I/usr/include/cairo -I/usr/include/pixman-1 -I/usr/include/freetype2 -I/usr/include/libpng12 -I/usr/include/gdk-pixbuf-2.0 -I/usr/include/libpng12 -I/usr/include/libbamf3 -I/usr/lib/x86_64-linux-gnu/libbamf3/include -I/usr/include/glib-2.0 -I/usr/lib/x86_64-linux-gnu/glib-2.0/include'
pkg_cv_PLANK_0_11_LIBS='-lplank -lgee-0.8 -lgtk-3 -lgdk-3 -lpangocairo-1.0 -lpango-1.0 -latk-1.0 -lcairo-gobject -lcairo -lgdk_pixbuf-2.0 -lbamf3 -lgio-2.0 -lgobject-2.0 -lglib-2.0'

## ----------------- ##
## Output variables. ##
## ----------------- ##










		$(INSTALL_DATA) $^ "$(DESTDIR)$(gsettingsschemadir)"; \
		test -n "$(GSETTINGS_DISABLE_SCHEMAS_COMPILE)$(DESTDIR)" || $(GLIB_COMPILE_SCHEMAS) $(gsettingsschemadir); \
		test -z "$(gsettingsschemadir)" || $(MKDIR_P) "$(DESTDIR)$(gsettingsschemadir)"; \
	$(AM_V_GEN) $(GLIB_COMPILE_SCHEMAS) --strict --dry-run $(addprefix --schema-file=,$(gsettings__enum_file)) --schema-file=$< && mkdir -p $(@D) && touch $@
	$(AM_V_GEN) glib-mkenums --comments '\''<!-- @comment@ -->'\'' --fhead "<schemalist>" --vhead "  <@type@ id='\''$(gsettings_ENUM_NAMESPACE).@EnumName@'\''>" --vprod "    <value nick='\''@valuenick@'\'' value='\''@valuenum@'\''/>" --vtail "  </@type@>" --ftail "</schemalist>" $^ > $@.tmp && mv $@.tmp $@
	@$(NORMAL_INSTALL)
	@$(NORMAL_UNINSTALL)
	@list='\''$(gsettings_SCHEMAS) $(gsettings__enum_file)'\''; test -n "$(gsettingsschemadir)" || list=; \
	cd "$(DESTDIR)$(gsettingsschemadir)" && rm -f $$files
	echo " ( cd '\''$(DESTDIR)$(gsettingsschemadir)'\'' && rm -f" $$files ")"; \
	fi
	files=`for p in $$list; do echo $$p; done | sed -e '\''s|^.*/||'\''`; \
	if test -n "$^"; then \
	rm -f $(gsettings_SCHEMAS:.xml=.valid) $(gsettings__enum_file)
	test -n "$$files" || exit 0; \
	test -n "$(GSETTINGS_DISABLE_SCHEMAS_COMPILE)$(DESTDIR)" || $(GLIB_COMPILE_SCHEMAS) $(gsettingsschemadir)
$(gsettings__enum_file): $(gsettings_ENUM_FILES)
%.gschema.valid: %.gschema.xml $(gsettings__enum_file)
.PHONY : uninstall-gsettings-schemas install-gsettings-schemas clean-gsettings-schemas
.SECONDARY: $(gsettings_SCHEMAS)
ACLOCAL='${SHELL} /home/nick/work/gala/build-aux/missing aclocal-1.15'
AMDEPBACKSLASH='\'
AMDEP_FALSE='#'
AMDEP_TRUE=''
AMTAR='$${TAR-tar}'
AM_BACKSLASH='\'
AM_DEFAULT_V='$(AM_DEFAULT_VERBOSITY)'
AM_DEFAULT_VERBOSITY='0'
AM_V='$(V)'
API_VERSION='0.2'
AR='ar'
AUTOCONF='${SHELL} /home/nick/work/gala/build-aux/missing autoconf'
AUTOHEADER='${SHELL} /home/nick/work/gala/build-aux/missing autoheader'
AUTOMAKE='${SHELL} /home/nick/work/gala/build-aux/missing automake-1.15'
AWK='gawk'
CC='gcc'
CCDEPMODE='depmode=gcc3'
CFLAGS='-g -O2  -Wl,--enable-new-dtags'
CPP='gcc -E'
CPPFLAGS=''
CYGPATH_W='echo'
DEFS='-DHAVE_CONFIG_H'
DEPDIR='.deps'
DLLTOOL='false'
DSYMUTIL=''
DUMPBIN=''
ECHO_C=''
ECHO_N='-n'
ECHO_T=''
EGREP='/bin/grep -E'
ENABLE_DOCS_FALSE=''
ENABLE_DOCS_TRUE='#'
EXEEXT=''
FGREP='/bin/grep -F'
GALA_CORE_CFLAGS='-pthread -I/usr/include/gtk-3.0 -I/usr/include/granite -I/usr/include/gnome-desktop-3.0 -I/usr/include/plank -I/usr/include/gee-0.8 -I/usr/include/libbamf3 -I/usr/lib/x86_64-linux-gnu/libbamf3/include -I/usr/include/gtk-3.0 -I/usr/include/at-spi2-atk/2.0 -I/usr/include/at-spi-2.0 -I/usr/include/dbus-1.0 -I/usr/lib/x86_64-linux-gnu/dbus-1.0/include -I/usr/include/clutter-1.0 -I/usr/include/cogl -I/usr/include/atk-1.0 -I/usr/include/cogl -I/usr/include/libdrm -I/usr/include/json-glib-1.0 -I/usr/include/gtk-3.0 -I/usr/include/gio-unix-2.0/ -I/usr/include/mirclient -I/usr/include/mircommon -I/usr/include/mircookie -I/usr/include/cairo -I/usr/include/pango-1.0 -I/usr/include/harfbuzz -I/usr/include/pango-1.0 -I/usr/include/gdk-pixbuf-2.0 -I/usr/include/libpng12 -I/usr/include/cairo -I/usr/include/pixman-1 -I/usr/include/freetype2 -I/usr/include/libpng12 -I/usr/include/glib-2.0 -I/usr/lib/x86_64-linux-gnu/glib-2.0/include -I/usr/include/mutter -I/usr/include/gsettings-desktop-schemas'
GALA_CORE_LIBS='-Wl,--export-dynamic -lgmodule-2.0 -pthread -lgdk-3 -lgranite -lgio-2.0 -lgthread-2.0 -pthread -lgnome-desktop-3 -lplank -lgee-0.8 -lbamf3 -lmutter -lgtk-3 -lclutter-1.0 -lcogl-path -latk-1.0 -lcogl-pango -lcogl -lgmodule-2.0 -pthread -lwayland-egl -lgbm -ldrm -lEGL -lXrandr -ljson-glib-1.0 -lgio-2.0 -lgdk-3 -lpangocairo-1.0 -lpango-1.0 -lgdk_pixbuf-2.0 -lcairo-gobject -lcairo -lgobject-2.0 -lglib-2.0 -lwayland-cursor -lwayland-client -lxkbcommon -lwayland-server -lXext -lXdamage -lXfixes -lXcomposite -lXi -lX11'
GALA_CORE_VALAFLAGS='--target-glib=2.44 --define HAS_MUTTER316 --define HAS_MUTTER318 --define HAVE_PLANK_0_11  -g --pkg gio-unix-2.0                       --pkg gmodule-2.0                       --pkg gtk+-3.0                       --pkg gdk-x11-3.0                       --pkg libbamf3                       --pkg granite                       --pkg gee-0.8                       --pkg gdesktopenums-3.0                       --pkg gnome-desktop-3.0                       --pkg xfixes-4.0                       --pkg plank --pkg cogl-1.0 --pkg clutter-1.0 --pkg libmutter'
GALA_DOCS_VALAFLAGS='--target-glib=2.44 --define HAS_MUTTER316 --define HAS_MUTTER318 --define HAVE_PLANK_0_11 --pkg gio-unix-2.0                       --pkg gmodule-2.0                       --pkg gtk+-3.0                       --pkg gdk-x11-3.0                       --pkg libbamf3                       --pkg granite                       --pkg gee-0.8                       --pkg gdesktopenums-3.0                       --pkg gnome-desktop-3.0                       --pkg xfixes-4.0                       --pkg plank --pkg cogl-1.0 --pkg clutter-1.0 --pkg libmutter'
GALA_MAJOR_MINOR_VERSION='0.3'
GETTEXT_MACRO_VERSION='0.19'
GETTEXT_PACKAGE='gala'
GLIB_COMPILE_SCHEMAS='/usr/lib/x86_64-linux-gnu/glib-2.0/glib-compile-schemas'
GMSGFMT='/usr/bin/msgfmt'
GMSGFMT_015='/usr/bin/msgfmt'
GREP='/bin/grep'
GSD310_CFLAGS=''
GSD310_LIBS=''
GSD316_CFLAGS=''
GSD316_LIBS=''
GSETTINGS_DISABLE_SCHEMAS_COMPILE=''
GSETTINGS_RULES='
HAVE_VALADOC_FALSE=''
HAVE_VALADOC_TRUE='#'
INSTALL_DATA='${INSTALL} -m 644'
INSTALL_PROGRAM='${INSTALL}'
INSTALL_SCRIPT='${INSTALL}'
INSTALL_STRIP_PROGRAM='$(install_sh) -c -s'
INTLLIBS=''
INTL_MACOSX_LIBS=''
LD='/usr/bin/ld -m elf_x86_64'
LDFLAGS=' '
LIBICONV='-liconv'
LIBINTL=''
LIBM='-lm'
LIBOBJS=''
LIBS=''
LIBTOOL='$(SHELL) $(top_builddir)/libtool'
LIPO=''
LN_S='ln -s'
LTLIBICONV='-liconv'
LTLIBINTL=''
LTLIBOBJS=''
LT_AGE='0'
LT_CURRENT='0'
LT_REVISION='0'
LT_SYS_LIBRARY_PATH=''
MAINT=''
MAINTAINER_MODE_FALSE='#'
MAINTAINER_MODE_TRUE=''
MAKEINFO='${SHELL} /home/nick/work/gala/build-aux/missing makeinfo'
MANIFEST_TOOL=':'
MKDIR_P='/bin/mkdir -p'
MSGFMT='/usr/bin/msgfmt'
MSGFMT_015='/usr/bin/msgfmt'
MSGMERGE='/usr/bin/msgmerge'
MUTTER316_CFLAGS='-pthread -I/usr/include/gtk-3.0 -I/usr/include/at-spi2-atk/2.0 -I/usr/include/at-spi-2.0 -I/usr/include/dbus-1.0 -I/usr/lib/x86_64-linux-gnu/dbus-1.0/include -I/usr/include/clutter-1.0 -I/usr/include/cogl -I/usr/include/atk-1.0 -I/usr/include/cogl -I/usr/include/libdrm -I/usr/include/json-glib-1.0 -I/usr/include/gtk-3.0 -I/usr/include/gio-unix-2.0/ -I/usr/include/mirclient -I/usr/include/mircommon -I/usr/include/mircookie -I/usr/include/cairo -I/usr/include/pango-1.0 -I/usr/include/harfbuzz -I/usr/include/pango-1.0 -I/usr/include/gdk-pixbuf-2.0 -I/usr/include/libpng12 -I/usr/include/cairo -I/usr/include/pixman-1 -I/usr/include/freetype2 -I/usr/include/libpng12 -I/usr/include/glib-2.0 -I/usr/lib/x86_64-linux-gnu/glib-2.0/include -I/usr/include/mutter -I/usr/include/gsettings-desktop-schemas'
MUTTER316_LIBS='-lmutter -lgtk-3 -lclutter-1.0 -lcogl-path -latk-1.0 -lcogl-pango -lcogl -lgmodule-2.0 -pthread -lwayland-egl -lgbm -ldrm -lEGL -lXrandr -ljson-glib-1.0 -lgio-2.0 -lgdk-3 -lpangocairo-1.0 -lpango-1.0 -lgdk_pixbuf-2.0 -lcairo-gobject -lcairo -lgobject-2.0 -lglib-2.0 -lwayland-cursor -lwayland-client -lxkbcommon -lwayland-server -lXext -lXdamage -lXfixes -lXcomposite -lXi -lX11'
MUTTER318_CFLAGS='-pthread -I/usr/include/gtk-3.0 -I/usr/include/at-spi2-atk/2.0 -I/usr/include/at-spi-2.0 -I/usr/include/dbus-1.0 -I/usr/lib/x86_64-linux-gnu/dbus-1.0/include -I/usr/include/clutter-1.0 -I/usr/include/cogl -I/usr/include/atk-1.0 -I/usr/include/cogl -I/usr/include/libdrm -I/usr/include/json-glib-1.0 -I/usr/include/gtk-3.0 -I/usr/include/gio-unix-2.0/ -I/usr/include/mirclient -I/usr/include/mircommon -I/usr/include/mircookie -I/usr/include/cairo -I/usr/include/pango-1.0 -I/usr/include/harfbuzz -I/usr/include/pango-1.0 -I/usr/include/gdk-pixbuf-2.0 -I/usr/include/libpng12 -I/usr/include/cairo -I/usr/include/pixman-1 -I/usr/include/freetype2 -I/usr/include/libpng12 -I/usr/include/glib-2.0 -I/usr/lib/x86_64-linux-gnu/glib-2.0/include -I/usr/include/mutter -I/usr/include/gsettings-desktop-schemas'
MUTTER318_LIBS='-lmutter -lgtk-3 -lclutter-1.0 -lcogl-path -latk-1.0 -lcogl-pango -lcogl -lgmodule-2.0 -pthread -lwayland-egl -lgbm -ldrm -lEGL -lXrandr -ljson-glib-1.0 -lgio-2.0 -lgdk-3 -lpangocairo-1.0 -lpango-1.0 -lgdk_pixbuf-2.0 -lcairo-gobject -lcairo -lgobject-2.0 -lglib-2.0 -lwayland-cursor -lwayland-client -lxkbcommon -lwayland-server -lXext -lXdamage -lXfixes -lXcomposite -lXi -lX11'
MUTTER320_CFLAGS=''
MUTTER320_LIBS=''
MUTTER322_CFLAGS=''
MUTTER322_LIBS=''
MUTTER324_CFLAGS=''
MUTTER324_LIBS=''
MUTTER_CFLAGS=''
MUTTER_PKGS='cogl-1.0 clutter-1.0 >= 1.12.0 libmutter >= 3.14.4'
NM='/usr/bin/nm -B'
NMEDIT=''
NOTIFICAION_PLUGIN_CFLAGS='-D_REENTRANT -pthread -I/usr/include/gtk-3.0 -I/usr/include/at-spi2-atk/2.0 -I/usr/include/at-spi-2.0 -I/usr/include/dbus-1.0 -I/usr/lib/x86_64-linux-gnu/dbus-1.0/include -I/usr/include/gtk-3.0 -I/usr/include/gio-unix-2.0/ -I/usr/include/mirclient -I/usr/include/mircommon -I/usr/include/mircookie -I/usr/include/cairo -I/usr/include/pango-1.0 -I/usr/include/harfbuzz -I/usr/include/pango-1.0 -I/usr/include/atk-1.0 -I/usr/include/cairo -I/usr/include/pixman-1 -I/usr/include/freetype2 -I/usr/include/libpng12 -I/usr/include/gdk-pixbuf-2.0 -I/usr/include/libpng12 -I/usr/include/glib-2.0 -I/usr/lib/x86_64-linux-gnu/glib-2.0/include'
NOTIFICAION_PLUGIN_LIBS='-lcanberra-gtk3 -lX11 -lcanberra -lgtk-3 -lgdk-3 -lpangocairo-1.0 -lpango-1.0 -latk-1.0 -lcairo-gobject -lcairo -lgdk_pixbuf-2.0 -lgio-2.0 -lgobject-2.0 -lglib-2.0'
NOTIFICATION_PLUGIN_VALA_PKGS='--pkg libcanberra                                --pkg libcanberra-gtk'
OBJDUMP='objdump'
OBJEXT='o'
OTOOL64=''
OTOOL=''
PACKAGE='gala'
PACKAGE_BUGREPORT='https://bugs.launchpad.net/gala'
PACKAGE_NAME='gala'
PACKAGE_STRING='gala 0.3.0.567-dirty'
PACKAGE_TARNAME='gala'
PACKAGE_URL='https://launchpad.net/gala'
PACKAGE_VERSION='0.3.0.567-dirty'
PATH_SEPARATOR=':'
PKG_CONFIG='/usr/bin/pkg-config'
PKG_CONFIG_LIBDIR=''
PKG_CONFIG_PATH=''
PLANK_0_11_CFLAGS='-pthread -I/usr/include/plank -I/usr/include/gee-0.8 -I/usr/include/gtk-3.0 -I/usr/include/at-spi2-atk/2.0 -I/usr/include/at-spi-2.0 -I/usr/include/dbus-1.0 -I/usr/lib/x86_64-linux-gnu/dbus-1.0/include -I/usr/include/gtk-3.0 -I/usr/include/gio-unix-2.0/ -I/usr/include/mirclient -I/usr/include/mircommon -I/usr/include/mircookie -I/usr/include/cairo -I/usr/include/pango-1.0 -I/usr/include/harfbuzz -I/usr/include/pango-1.0 -I/usr/include/atk-1.0 -I/usr/include/cairo -I/usr/include/pixman-1 -I/usr/include/freetype2 -I/usr/include/libpng12 -I/usr/include/gdk-pixbuf-2.0 -I/usr/include/libpng12 -I/usr/include/libbamf3 -I/usr/lib/x86_64-linux-gnu/libbamf3/include -I/usr/include/glib-2.0 -I/usr/lib/x86_64-linux-gnu/glib-2.0/include'
PLANK_0_11_LIBS='-lplank -lgee-0.8 -lgtk-3 -lgdk-3 -lpangocairo-1.0 -lpango-1.0 -latk-1.0 -lcairo-gobject -lcairo -lgdk_pixbuf-2.0 -lbamf3 -lgio-2.0 -lgobject-2.0 -lglib-2.0'
PLUGIN_LDFLAGS='-module -avoid-version'
POSUB='po'
RANLIB='ranlib'
SED='/bin/sed'
SET_MAKE=''
SHELL='/bin/bash'
STRIP='strip'
USE_NLS='yes'
VALAC='/usr/bin/valac'
VALADOC=''
VALADOC_CFLAGS=''
VALADOC_LIBS=''
VAPIGEN='/usr/local/bin/vapigen'
VERSION='0.3.0.567-dirty'
XGETTEXT='/usr/bin/xgettext'
XGETTEXT_015='/usr/bin/xgettext'
XGETTEXT_EXTRA_OPTIONS=''
ac_ct_AR='ar'
ac_ct_CC='gcc'
ac_ct_DUMPBIN=''
all-am: $(gsettings_SCHEMAS:.xml=.valid)
am__EXEEXT_FALSE=''
am__EXEEXT_TRUE='#'
am__fastdepCC_FALSE='#'
am__fastdepCC_TRUE=''
am__include='include'
am__isrc=''
am__leading_dot='.'
am__nodep='_no'
am__quote=''
am__tar='tar --format=ustar -chf - "$$tardir"'
am__untar='tar -xf -'
bindir='${exec_prefix}/bin'
build='x86_64-pc-linux-gnu'
build_alias=''
build_cpu='x86_64'
build_os='linux-gnu'
build_vendor='pc'
clean-gsettings-schemas:
datadir='${datarootdir}'
datarootdir='${prefix}/share'
docdir='${datarootdir}/doc/${PACKAGE_TARNAME}'
dvidir='${docdir}'
endif'
exec_prefix='${prefix}'
gsettings__enum_file = $(addsuffix .enums.xml,$(gsettings_ENUM_NAMESPACE))
gsettingsschemadir='${datarootdir}/glib-2.0/schemas'
host='x86_64-pc-linux-gnu'
host_alias=''
host_cpu='x86_64'
host_os='linux-gnu'
host_vendor='pc'
htmldir='${docdir}'
ifdef gsettings_ENUM_NAMESPACE
includedir='${prefix}/include'
infodir='${datarootdir}/info'
install-data-am: install-gsettings-schemas
install-gsettings-schemas: $(gsettings_SCHEMAS) $(gsettings__enum_file)
install_sh='${SHELL} /home/nick/work/gala/build-aux/install-sh'
libdir='${exec_prefix}/lib'
libexecdir='${exec_prefix}/libexec'
localedir='${datarootdir}/locale'
localstatedir='${prefix}/var'
mandir='${datarootdir}/man'
mkdir_p='$(MKDIR_P)'
mostlyclean-am: clean-gsettings-schemas
oldincludedir='/usr/include'
pdfdir='${docdir}'
prefix='/usr/local'
program_transform_name='s,x,x,'
psdir='${docdir}'
runstatedir='${localstatedir}/run'
sbindir='${exec_prefix}/sbin'
sharedstatedir='${prefix}/com'
sysconfdir='${prefix}/etc'
target_alias=''
uninstall-am: uninstall-gsettings-schemas
uninstall-gsettings-schemas:

## ----------- ##
## confdefs.h. ##
## ----------- ##

/* confdefs.h */
#define PACKAGE_NAME "gala"
#define PACKAGE_TARNAME "gala"
#define PACKAGE_VERSION "0.3.0.567-dirty"
#define PACKAGE_STRING "gala 0.3.0.567-dirty"
#define PACKAGE_BUGREPORT "https://bugs.launchpad.net/gala"
#define PACKAGE_URL "https://launchpad.net/gala"
#define RELEASE_NAME "Window Manager."
#define VERSION_INFO "Development"
#define PACKAGE "gala"
#define VERSION "0.3.0.567-dirty"
#define GETTEXT_PACKAGE "gala"
#define ENABLE_NLS 1
#define HAVE_GETTEXT 1
#define HAVE_DCGETTEXT 1
#define STDC_HEADERS 1
#define HAVE_SYS_TYPES_H 1
#define HAVE_SYS_STAT_H 1
#define HAVE_STDLIB_H 1
#define HAVE_STRING_H 1
#define HAVE_MEMORY_H 1
#define HAVE_STRINGS_H 1
#define HAVE_INTTYPES_H 1
#define HAVE_STDINT_H 1
#define HAVE_UNISTD_H 1
#define HAVE_DLFCN_H 1
#define LT_OBJDIR ".libs/"

configure: exit 0

## ---------------------- ##
## Running config.status. ##
## ---------------------- ##

This file was extended by gala config.status 0.3.0.567-dirty, which was
generated by GNU Autoconf 2.69.  Invocation command line was

  CONFIG_FILES    = 
  CONFIG_HEADERS  = 
  CONFIG_LINKS    = 
  CONFIG_COMMANDS = 
  $ ./config.status 

on nick-virtual-machine

config.status:1260: creating Makefile
config.status:1260: creating src/Makefile
config.status:1260: creating lib/Makefile
config.status:1260: creating lib/gala.pc
config.status:1368: WARNING:  'lib/gala.pc.in' seems to ignore the --datarootdir setting
config.status:1260: creating docs/Makefile
config.status:1260: creating data/Makefile
config.status:1260: creating data/icons/Makefile
config.status:1260: creating vapi/Makefile
config.status:1260: creating plugins/Makefile
config.status:1260: creating plugins/notify/Makefile
config.status:1260: creating plugins/zoom/Makefile
config.status:1260: creating po/Makefile.in
config.status:1260: creating config.h
config.status:1489: executing depfiles commands
config.status:1489: executing po-directories commands
config.status:1489: executing libtool commands

## ---------------------- ##
## Running config.status. ##
## ---------------------- ##

This file was extended by gala config.status 0.3.0.567-dirty, which was
generated by GNU Autoconf 2.69.  Invocation command line was

  CONFIG_FILES    = 
  CONFIG_HEADERS  = 
  CONFIG_LINKS    = 
  CONFIG_COMMANDS = 
  $ ./config.status config.h

on nick-virtual-machine

config.status:1260: creating config.h
config.status:1441: config.h is unchanged
