This file contains any messages produced by compilers while
running configure, to aid debugging if configure makes a mistake.

It was created by gala configure UNKNOWN, which was
generated by GNU Autoconf 2.69.  Invocation command line was

  $ ./configure clear

## --------- ##
## Platform. ##
## --------- ##

hostname = nick-virtual-machine
uname -m = x86_64
uname -r = 4.4.0-103-generic
uname -s = Linux
uname -v = #126-Ubuntu SMP Mon Dec 4 16:23:28 UTC 2017

/usr/bin/uname -p = unknown
/bin/uname -X     = unknown

/bin/arch              = unknown
/usr/bin/arch -k       = unknown
/usr/convex/getsysinfo = unknown
/usr/bin/hostinfo      = unknown
/bin/machine           = unknown
/usr/bin/oslevel       = unknown
/bin/universe          = unknown

PATH: /home/nick/bin
PATH: /home/nick/.local/bin
PATH: /usr/local/sbin
PATH: /usr/local/bin
PATH: /usr/sbin
PATH: /usr/bin
PATH: /sbin
PATH: /bin
PATH: /usr/games
PATH: /usr/local/games
PATH: /snap/bin


## ----------- ##
## Core tests. ##
## ----------- ##

configure:2379: checking whether make supports nested variables
configure:2396: result: yes
configure:2460: checking for a BSD-compatible install
configure:2528: result: /usr/bin/install -c
configure:2539: checking whether build environment is sane
configure:2594: result: yes
configure:2745: checking for a thread-safe mkdir -p
configure:2784: result: /bin/mkdir -p
configure:2791: checking for gawk
configure:2807: found /usr/bin/gawk
configure:2818: result: gawk
configure:2829: checking whether make sets $(MAKE)
configure:2851: result: yes
configure:2947: checking whether UID '1000' is supported by ustar format
configure:2950: result: yes
configure:2957: checking whether GID '1000' is supported by ustar format
configure:2960: result: yes
configure:2968: checking how to create a ustar tar archive
configure:2979: tar --version
tar (GNU tar) 1.28
Copyright (C) 2014 Free Software Foundation, Inc.
License GPLv3+: GNU GPL version 3 or later <http://gnu.org/licenses/gpl.html>.
This is free software: you are free to change and redistribute it.
There is NO WARRANTY, to the extent permitted by law.

Written by John Gilmore and Jay Fenlason.
configure:2982: $? = 0
configure:3022: tardir=conftest.dir && eval tar --format=ustar -chf - "$tardir" >conftest.tar
configure:3025: $? = 0
configure:3029: tar -xf - <conftest.tar
configure:3032: $? = 0
configure:3034: cat conftest.dir/file
GrepMe
configure:3037: $? = 0
configure:3050: result: gnutar
configure:3102: checking whether to enable maintainer-specific portions of Makefiles
configure:3111: result: yes
configure:3133: checking for clear-gcc
configure:3163: result: no
configure:3173: checking for gcc
configure:3189: found /usr/bin/gcc
configure:3200: result: gcc
configure:3429: checking for C compiler version
configure:3438: gcc --version >&5
gcc (Ubuntu 5.4.0-6ubuntu1~16.04.5) 5.4.0 20160609
Copyright (C) 2015 Free Software Foundation, Inc.
This is free software; see the source for copying conditions.  There is NO
warranty; not even for MERCHANTABILITY or FITNESS FOR A PARTICULAR PURPOSE.

configure:3449: $? = 0
configure:3438: gcc -v >&5
Using built-in specs.
COLLECT_GCC=gcc
COLLECT_LTO_WRAPPER=/usr/lib/gcc/x86_64-linux-gnu/5/lto-wrapper
Target: x86_64-linux-gnu
Configured with: ../src/configure -v --with-pkgversion='Ubuntu 5.4.0-6ubuntu1~16.04.5' --with-bugurl=file:///usr/share/doc/gcc-5/README.Bugs --enable-languages=c,ada,c++,java,go,d,fortran,objc,obj-c++ --prefix=/usr --program-suffix=-5 --enable-shared --enable-linker-build-id --libexecdir=/usr/lib --without-included-gettext --enable-threads=posix --libdir=/usr/lib --enable-nls --with-sysroot=/ --enable-clocale=gnu --enable-libstdcxx-debug --enable-libstdcxx-time=yes --with-default-libstdcxx-abi=new --enable-gnu-unique-object --disable-vtable-verify --enable-libmpx --enable-plugin --with-system-zlib --disable-browser-plugin --enable-java-awt=gtk --enable-gtk-cairo --with-java-home=/usr/lib/jvm/java-1.5.0-gcj-5-amd64/jre --enable-java-home --with-jvm-root-dir=/usr/lib/jvm/java-1.5.0-gcj-5-amd64 --with-jvm-jar-dir=/usr/lib/jvm-exports/java-1.5.0-gcj-5-amd64 --with-arch-directory=amd64 --with-ecj-jar=/usr/share/java/eclipse-ecj.jar --enable-objc-gc --enable-multiarch --disable-werror --with-arch-32=i686 --with-abi=m64 --with-multilib-list=m32,m64,mx32 --enable-multilib --with-tune=generic --enable-checking=release --build=x86_64-linux-gnu --host=x86_64-linux-gnu --target=x86_64-linux-gnu
Thread model: posix
gcc version 5.4.0 20160609 (Ubuntu 5.4.0-6ubuntu1~16.04.5) 
configure:3449: $? = 0
configure:3438: gcc -V >&5
gcc: error: unrecognized command line option '-V'
gcc: fatal error: no input files
compilation terminated.
configure:3449: $? = 1
configure:3438: gcc -qversion >&5
gcc: error: unrecognized command line option '-qversion'
gcc: fatal error: no input files
compilation terminated.
configure:3449: $? = 1
configure:3469: checking whether the C compiler works
configure:3491: gcc    conftest.c  >&5
configure:3495: $? = 0
configure:3543: result: yes
configure:3546: checking for C compiler default output file name
configure:3548: result: a.out
configure:3554: checking for suffix of executables
configure:3561: gcc -o conftest    conftest.c  >&5
configure:3565: $? = 0
configure:3587: result: 
configure:3609: checking whether we are cross compiling
configure:3617: gcc -o conftest    conftest.c  >&5
configure:3621: $? = 0
configure:3628: ./conftest
configure:3632: $? = 0
configure:3647: result: no
configure:3652: checking for suffix of object files
configure:3674: gcc -c   conftest.c >&5
configure:3678: $? = 0
configure:3699: result: o
configure:3703: checking whether we are using the GNU C compiler
configure:3722: gcc -c   conftest.c >&5
configure:3722: $? = 0
configure:3731: result: yes
configure:3740: checking whether gcc accepts -g
configure:3760: gcc -c -g  conftest.c >&5
configure:3760: $? = 0
configure:3801: result: yes
configure:3818: checking for gcc option to accept ISO C89
configure:3881: gcc  -c -g -O2  conftest.c >&5
configure:3881: $? = 0
configure:3894: result: none needed
configure:3919: checking whether gcc understands -c and -o together
configure:3941: gcc -c conftest.c -o conftest2.o
configure:3944: $? = 0
configure:3941: gcc -c conftest.c -o conftest2.o
configure:3944: $? = 0
configure:3956: result: yes
configure:3984: checking for style of include used by make
configure:4012: result: GNU
configure:4038: checking dependency style of gcc
configure:4149: result: gcc3
configure:4176: checking for a sed that does not truncate output
configure:4240: result: /bin/sed
configure:4246: checking whether NLS is requested
configure:4255: result: yes
configure:4295: checking for msgfmt
configure: trying /usr/bin/msgfmt...
0 translated messages.
configure:4327: result: /usr/bin/msgfmt
configure:4336: checking for gmsgfmt
configure:4367: result: /usr/bin/msgfmt
configure:4417: checking for xgettext
configure: trying /usr/bin/xgettext...
/usr/bin/xgettext: warning: file '/dev/null' extension '' is unknown; will try C
configure:4449: result: /usr/bin/xgettext
configure:4494: checking for msgmerge
configure: trying /usr/bin/msgmerge...
configure:4525: result: /usr/bin/msgmerge
configure:4562: checking build system type
configure:4573: error: /bin/bash build-aux/config.sub clear failed

## ---------------- ##
## Cache variables. ##
## ---------------- ##

ac_cv_build=
ac_cv_c_compiler_gnu=yes
ac_cv_env_CC_set=
ac_cv_env_CC_value=
ac_cv_env_CFLAGS_set=
ac_cv_env_CFLAGS_value=
ac_cv_env_CPPFLAGS_set=
ac_cv_env_CPPFLAGS_value=
ac_cv_env_CPP_set=
ac_cv_env_CPP_value=
ac_cv_env_GALA_CORE_CFLAGS_set=
ac_cv_env_GALA_CORE_CFLAGS_value=
ac_cv_env_GALA_CORE_LIBS_set=
ac_cv_env_GALA_CORE_LIBS_value=
ac_cv_env_GSD310_CFLAGS_set=
ac_cv_env_GSD310_CFLAGS_value=
ac_cv_env_GSD310_LIBS_set=
ac_cv_env_GSD310_LIBS_value=
ac_cv_env_GSD316_CFLAGS_set=
ac_cv_env_GSD316_CFLAGS_value=
ac_cv_env_GSD316_LIBS_set=
ac_cv_env_GSD316_LIBS_value=
ac_cv_env_LDFLAGS_set=
ac_cv_env_LDFLAGS_value=
ac_cv_env_LIBS_set=
ac_cv_env_LIBS_value=
ac_cv_env_LT_SYS_LIBRARY_PATH_set=
ac_cv_env_LT_SYS_LIBRARY_PATH_value=
ac_cv_env_MUTTER316_CFLAGS_set=
ac_cv_env_MUTTER316_CFLAGS_value=
ac_cv_env_MUTTER316_LIBS_set=
ac_cv_env_MUTTER316_LIBS_value=
ac_cv_env_MUTTER318_CFLAGS_set=
ac_cv_env_MUTTER318_CFLAGS_value=
ac_cv_env_MUTTER318_LIBS_set=
ac_cv_env_MUTTER318_LIBS_value=
ac_cv_env_MUTTER320_CFLAGS_set=
ac_cv_env_MUTTER320_CFLAGS_value=
ac_cv_env_MUTTER320_LIBS_set=
ac_cv_env_MUTTER320_LIBS_value=
ac_cv_env_MUTTER322_CFLAGS_set=
ac_cv_env_MUTTER322_CFLAGS_value=
ac_cv_env_MUTTER322_LIBS_set=
ac_cv_env_MUTTER322_LIBS_value=
ac_cv_env_MUTTER324_CFLAGS_set=
ac_cv_env_MUTTER324_CFLAGS_value=
ac_cv_env_MUTTER324_LIBS_set=
ac_cv_env_MUTTER324_LIBS_value=
ac_cv_env_NOTIFICAION_PLUGIN_CFLAGS_set=
ac_cv_env_NOTIFICAION_PLUGIN_CFLAGS_value=
ac_cv_env_NOTIFICAION_PLUGIN_LIBS_set=
ac_cv_env_NOTIFICAION_PLUGIN_LIBS_value=
ac_cv_env_PKG_CONFIG_LIBDIR_set=
ac_cv_env_PKG_CONFIG_LIBDIR_value=
ac_cv_env_PKG_CONFIG_PATH_set=
ac_cv_env_PKG_CONFIG_PATH_value=
ac_cv_env_PKG_CONFIG_set=
ac_cv_env_PKG_CONFIG_value=
ac_cv_env_PLANK_0_11_CFLAGS_set=
ac_cv_env_PLANK_0_11_CFLAGS_value=
ac_cv_env_PLANK_0_11_LIBS_set=
ac_cv_env_PLANK_0_11_LIBS_value=
ac_cv_env_VALADOC_CFLAGS_set=
ac_cv_env_VALADOC_CFLAGS_value=
ac_cv_env_VALADOC_LIBS_set=
ac_cv_env_VALADOC_LIBS_value=
ac_cv_env_build_alias_set=set
ac_cv_env_build_alias_value=clear
ac_cv_env_host_alias_set=set
ac_cv_env_host_alias_value=clear
ac_cv_env_target_alias_set=set
ac_cv_env_target_alias_value=clear
ac_cv_objext=o
ac_cv_path_GMSGFMT=/usr/bin/msgfmt
ac_cv_path_MSGFMT=/usr/bin/msgfmt
ac_cv_path_MSGMERGE=/usr/bin/msgmerge
ac_cv_path_SED=/bin/sed
ac_cv_path_XGETTEXT=/usr/bin/xgettext
ac_cv_path_install='/usr/bin/install -c'
ac_cv_path_mkdir=/bin/mkdir
ac_cv_prog_AWK=gawk
ac_cv_prog_ac_ct_CC=gcc
ac_cv_prog_cc_c89=
ac_cv_prog_cc_g=yes
ac_cv_prog_make_make_set=yes
am_cv_CC_dependencies_compiler_type=gcc3
am_cv_make_support_nested_variables=yes
am_cv_prog_cc_c_o=yes
am_cv_prog_tar_ustar=gnutar

## ----------------- ##
## Output variables. ##
## ----------------- ##

ACLOCAL='${SHELL} /home/nick/work/Enso-OS/galal/build-aux/missing aclocal-1.15'
AMDEPBACKSLASH='\'
AMDEP_FALSE='#'
AMDEP_TRUE=''
AMTAR='$${TAR-tar}'
AM_BACKSLASH='\'
AM_DEFAULT_V='$(AM_DEFAULT_VERBOSITY)'
AM_DEFAULT_VERBOSITY='0'
AM_V='$(V)'
API_VERSION=''
AR=''
AUTOCONF='${SHELL} /home/nick/work/Enso-OS/galal/build-aux/missing autoconf'
AUTOHEADER='${SHELL} /home/nick/work/Enso-OS/galal/build-aux/missing autoheader'
AUTOMAKE='${SHELL} /home/nick/work/Enso-OS/galal/build-aux/missing automake-1.15'
AWK='gawk'
CC='gcc'
CCDEPMODE='depmode=gcc3'
CFLAGS='-g -O2'
CPP=''
CPPFLAGS=''
CYGPATH_W='echo'
DEFS=''
DEPDIR='.deps'
DLLTOOL=''
DSYMUTIL=''
DUMPBIN=''
ECHO_C=''
ECHO_N='-n'
ECHO_T=''
EGREP=''
ENABLE_DOCS_FALSE=''
ENABLE_DOCS_TRUE=''
EXEEXT=''
FGREP=''
GALA_CORE_CFLAGS=''
GALA_CORE_LIBS=''
GALA_CORE_VALAFLAGS=''
GALA_DOCS_VALAFLAGS=''
GALA_MAJOR_MINOR_VERSION=''
GETTEXT_MACRO_VERSION='0.19'
GETTEXT_PACKAGE='gala'
GLIB_COMPILE_SCHEMAS=''
GMSGFMT='/usr/bin/msgfmt'
GMSGFMT_015='/usr/bin/msgfmt'
GREP=''
GSD310_CFLAGS=''
GSD310_LIBS=''
GSD316_CFLAGS=''
GSD316_LIBS=''
GSETTINGS_DISABLE_SCHEMAS_COMPILE=''
GSETTINGS_RULES=''
HAVE_VALADOC_FALSE=''
HAVE_VALADOC_TRUE=''
INSTALL_DATA='${INSTALL} -m 644'
INSTALL_PROGRAM='${INSTALL}'
INSTALL_SCRIPT='${INSTALL}'
INSTALL_STRIP_PROGRAM='$(install_sh) -c -s'
INTLLIBS=''
INTL_MACOSX_LIBS=''
LD=''
LDFLAGS=''
LIBICONV=''
LIBINTL=''
LIBM=''
LIBOBJS=''
LIBS=''
LIBTOOL=''
LIPO=''
LN_S=''
LTLIBICONV=''
LTLIBINTL=''
LTLIBOBJS=''
LT_AGE=''
LT_CURRENT=''
LT_REVISION=''
LT_SYS_LIBRARY_PATH=''
MAINT=''
MAINTAINER_MODE_FALSE='#'
MAINTAINER_MODE_TRUE=''
MAKEINFO='${SHELL} /home/nick/work/Enso-OS/galal/build-aux/missing makeinfo'
MANIFEST_TOOL=''
MKDIR_P='/bin/mkdir -p'
MSGFMT='/usr/bin/msgfmt'
MSGFMT_015='/usr/bin/msgfmt'
MSGMERGE='/usr/bin/msgmerge'
MUTTER316_CFLAGS=''
MUTTER316_LIBS=''
MUTTER318_CFLAGS=''
MUTTER318_LIBS=''
MUTTER320_CFLAGS=''
MUTTER320_LIBS=''
MUTTER322_CFLAGS=''
MUTTER322_LIBS=''
MUTTER324_CFLAGS=''
MUTTER324_LIBS=''
MUTTER_CFLAGS=''
MUTTER_PKGS=''
NM=''
NMEDIT=''
NOTIFICAION_PLUGIN_CFLAGS=''
NOTIFICAION_PLUGIN_LIBS=''
NOTIFICATION_PLUGIN_VALA_PKGS=''
OBJDUMP=''
OBJEXT='o'
OTOOL64=''
OTOOL=''
PACKAGE='gala'
PACKAGE_BUGREPORT='https://bugs.launchpad.net/gala'
PACKAGE_NAME='gala'
PACKAGE_STRING='gala UNKNOWN'
PACKAGE_TARNAME='gala'
PACKAGE_URL='https://launchpad.net/gala'
PACKAGE_VERSION='UNKNOWN'
PATH_SEPARATOR=':'
PKG_CONFIG=''
PKG_CONFIG_LIBDIR=''
PKG_CONFIG_PATH=''
PLANK_0_11_CFLAGS=''
PLANK_0_11_LIBS=''
PLUGIN_LDFLAGS=''
POSUB=''
RANLIB=''
SED='/bin/sed'
SET_MAKE=''
SHELL='/bin/bash'
STRIP=''
USE_NLS='yes'
VALAC=''
VALADOC=''
VALADOC_CFLAGS=''
VALADOC_LIBS=''
VAPIGEN=''
VERSION='UNKNOWN'
XGETTEXT='/usr/bin/xgettext'
XGETTEXT_015='/usr/bin/xgettext'
XGETTEXT_EXTRA_OPTIONS=''
ac_ct_AR=''
ac_ct_CC='gcc'
ac_ct_DUMPBIN=''
am__EXEEXT_FALSE=''
am__EXEEXT_TRUE=''
am__fastdepCC_FALSE='#'
am__fastdepCC_TRUE=''
am__include='include'
am__isrc=''
am__leading_dot='.'
am__nodep='_no'
am__quote=''
am__tar='tar --format=ustar -chf - "$$tardir"'
am__untar='tar -xf -'
bindir='${exec_prefix}/bin'
build='clear'
build_alias='clear'
build_cpu=''
build_os=''
build_vendor=''
datadir='${datarootdir}'
datarootdir='${prefix}/share'
docdir='${datarootdir}/doc/${PACKAGE_TARNAME}'
dvidir='${docdir}'
exec_prefix='NONE'
gsettingsschemadir=''
host='clear'
host_alias='clear'
host_cpu=''
host_os=''
host_vendor=''
htmldir='${docdir}'
includedir='${prefix}/include'
infodir='${datarootdir}/info'
install_sh='${SHELL} /home/nick/work/Enso-OS/galal/build-aux/install-sh'
libdir='${exec_prefix}/lib'
libexecdir='${exec_prefix}/libexec'
localedir='${datarootdir}/locale'
localstatedir='${prefix}/var'
mandir='${datarootdir}/man'
mkdir_p='$(MKDIR_P)'
oldincludedir='/usr/include'
pdfdir='${docdir}'
prefix='NONE'
program_transform_name='s,x,x,'
psdir='${docdir}'
runstatedir='${localstatedir}/run'
sbindir='${exec_prefix}/sbin'
sharedstatedir='${prefix}/com'
sysconfdir='${prefix}/etc'
target_alias='clear'

## ----------- ##
## confdefs.h. ##
## ----------- ##

/* confdefs.h */
#define PACKAGE_NAME "gala"
#define PACKAGE_TARNAME "gala"
#define PACKAGE_VERSION "UNKNOWN"
#define PACKAGE_STRING "gala UNKNOWN"
#define PACKAGE_BUGREPORT "https://bugs.launchpad.net/gala"
#define PACKAGE_URL "https://launchpad.net/gala"
#define RELEASE_NAME "Window Manager."
#define VERSION_INFO "Development"
#define PACKAGE "gala"
#define VERSION "UNKNOWN"
#define GETTEXT_PACKAGE "gala"

configure: exit 1
